<?xml version="1.0" encoding="UTF-8"?>
<testsuite name="RaceCounterTest" tests="3" skipped="0" failures="0" errors="0" timestamp="2024-08-13T03:07:10" hostname="Brandons-MacBook-Air.local" time="0.344">
  <properties/>
  <testcase name="startCounter_threadsRunning_2008()" classname="RaceCounterTest" time="0.281"/>
  <testcase name="getCounter_2000Threads_2000()" classname="RaceCounterTest" time="0.054"/>
  <testcase name="counter_isAtomicInteger()" classname="RaceCounterTest" time="0.007"/>
  <system-out><![CDATA[]]></system-out>
  <system-err><![CDATA[]]></system-err>
</testsuite>
